[debug] [2022-12-08T17:27:26.559Z] ----------------------------------------------------------------------
[debug] [2022-12-08T17:27:26.564Z] Command:       C:\Program Files\nodejs\node.exe C:\Users\souma\AppData\Roaming\npm\node_modules\firebase-tools\lib\bin\firebase.js deploy
[debug] [2022-12-08T17:27:26.565Z] CLI Version:   11.17.0
[debug] [2022-12-08T17:27:26.566Z] Platform:      win32
[debug] [2022-12-08T17:27:26.566Z] Node Version:  v16.18.0
[debug] [2022-12-08T17:27:26.575Z] Time:          Fri Dec 09 2022 02:27:26 GMT+0900 (日本標準時)
[debug] [2022-12-08T17:27:26.576Z] ----------------------------------------------------------------------
[debug] 
[debug] [2022-12-08T17:27:26.658Z] > command requires scopes: ["email","openid","https://www.googleapis.com/auth/cloudplatformprojects.readonly","https://www.googleapis.com/auth/firebase","https://www.googleapis.com/auth/cloud-platform"]
[debug] [2022-12-08T17:27:26.660Z] > authorizing via signed-in user (maru283907@gmail.com)
[debug] [2022-12-08T17:27:26.660Z] [iam] checking project chatbot-16382 for permissions ["firebase.projects.get","firebasehosting.sites.update"]
[debug] [2022-12-08T17:27:26.663Z] >>> [apiv2][query] POST https://cloudresourcemanager.googleapis.com/v1/projects/chatbot-16382:testIamPermissions [none]
[debug] [2022-12-08T17:27:26.663Z] >>> [apiv2][(partial)header] POST https://cloudresourcemanager.googleapis.com/v1/projects/chatbot-16382:testIamPermissions x-goog-quota-user=projects/chatbot-16382
[debug] [2022-12-08T17:27:26.663Z] >>> [apiv2][body] POST https://cloudresourcemanager.googleapis.com/v1/projects/chatbot-16382:testIamPermissions {"permissions":["firebase.projects.get","firebasehosting.sites.update"]}
[debug] [2022-12-08T17:27:27.596Z] <<< [apiv2][status] POST https://cloudresourcemanager.googleapis.com/v1/projects/chatbot-16382:testIamPermissions 200
[debug] [2022-12-08T17:27:27.596Z] <<< [apiv2][body] POST https://cloudresourcemanager.googleapis.com/v1/projects/chatbot-16382:testIamPermissions {}
[debug] [2022-12-08T17:27:27.597Z] [iam] error while checking permissions, command may fail: FirebaseError: Authorization failed. This account is missing the following required permissions on project chatbot-16382:

  firebase.projects.get
  firebasehosting.sites.update
[debug] [2022-12-08T17:27:27.598Z] >>> [apiv2][query] GET https://firebase.googleapis.com/v1beta1/projects/chatbot-16382 [none]
[debug] [2022-12-08T17:27:27.965Z] <<< [apiv2][status] GET https://firebase.googleapis.com/v1beta1/projects/chatbot-16382 403
[debug] [2022-12-08T17:27:27.966Z] <<< [apiv2][body] GET https://firebase.googleapis.com/v1beta1/projects/chatbot-16382 {"error":{"code":403,"message":"The caller does not have permission","status":"PERMISSION_DENIED"}}
[debug] [2022-12-08T17:27:27.967Z] HTTP Error: 403, The caller does not have permission
[debug] [2022-12-08T17:27:28.096Z] FirebaseError: HTTP Error: 403, The caller does not have permission
    at responseToError (C:\Users\souma\AppData\Roaming\npm\node_modules\firebase-tools\lib\responseToError.js:49:12)
    at RetryOperation._fn (C:\Users\souma\AppData\Roaming\npm\node_modules\firebase-tools\lib\apiv2.js:288:77)
    at processTicksAndRejections (node:internal/process/task_queues:96:5)
[error] 
[error] Error: Failed to get Firebase project chatbot-16382. Please make sure the project exists and your account has permission to access it.
